1758355800349:q
1758355807271:q "paul"
1758355813282:hello "paul"
1758355824979:parent q paul
1758356037275:hello
1758356044417:hello mwema paul
1758356097359:goodbye
1758356124375:help
1758356646273:hello
1758356657459:goodbye
1758356661836:help
1758356739277:HELP
1758356742345:help
1758356757033:hello
1758356769233:hello mark
1758356872373:help
1758356911667:hello paul
1758357589758:help
1758357705986:hello mark
1758357711165:goodbye
1758360488554:help
1758360558894:hello
1758360565061:dad-joke
1758360682106:help
1758360688480:dadJoke
1758360692467:dad-joke
1758360771108:cls
1758360776230:clear
1758360779013:cls
1758360783405:exit
1758454746907:help
1758454759797:dad-joke
